빌드 시작: 2014-08-16 오후 10:57:55
     1>2 노드의 "D:\snakeproj\snakeproj\snakeproj\snakeproj.vcxproj" 프로젝트(Build 대상)입니다.
     1>ClCompile:
         C:\Program Files (x86)\Microsoft Visual Studio 12.0\VC\bin\CL.exe /c /ZI /nologo /W3 /WX- /sdl /Od /Oy- /D WIN32 /D _DEBUG /D _WINDOWS /D _UNICODE /D UNICODE /Gm /EHsc /RTC1 /MDd /GS /fp:precise /Zc:wchar_t /Zc:forScope /Fo"Debug\\" /Fd"Debug\vc120.pdb" /Gd /TP /analyze- /errorReport:prompt colorshaderclass.cpp
         colorshaderclass.cpp
     1>c:\program files (x86)\microsoft directx sdk (june 2010)\include\dxgitype.h(12): warning C4005: 'DXGI_STATUS_OCCLUDED' : 매크로 재정의
                 c:\program files (x86)\windows kits\8.1\include\shared\winerror.h(50002) : 'DXGI_STATUS_OCCLUDED'의 이전 정의를 참조하십시오.
     1>c:\program files (x86)\microsoft directx sdk (june 2010)\include\dxgitype.h(13): warning C4005: 'DXGI_STATUS_CLIPPED' : 매크로 재정의
                 c:\program files (x86)\windows kits\8.1\include\shared\winerror.h(50011) : 'DXGI_STATUS_CLIPPED'의 이전 정의를 참조하십시오.
     1>c:\program files (x86)\microsoft directx sdk (june 2010)\include\dxgitype.h(14): warning C4005: 'DXGI_STATUS_NO_REDIRECTION' : 매크로 재정의
                 c:\program files (x86)\windows kits\8.1\include\shared\winerror.h(50020) : 'DXGI_STATUS_NO_REDIRECTION'의 이전 정의를 참조하십시오.
     1>c:\program files (x86)\microsoft directx sdk (june 2010)\include\dxgitype.h(15): warning C4005: 'DXGI_STATUS_NO_DESKTOP_ACCESS' : 매크로 재정의
                 c:\program files (x86)\windows kits\8.1\include\shared\winerror.h(50029) : 'DXGI_STATUS_NO_DESKTOP_ACCESS'의 이전 정의를 참조하십시오.
     1>c:\program files (x86)\microsoft directx sdk (june 2010)\include\dxgitype.h(16): warning C4005: 'DXGI_STATUS_GRAPHICS_VIDPN_SOURCE_IN_USE' : 매크로 재정의
                 c:\program files (x86)\windows kits\8.1\include\shared\winerror.h(50038) : 'DXGI_STATUS_GRAPHICS_VIDPN_SOURCE_IN_USE'의 이전 정의를 참조하십시오.
     1>c:\program files (x86)\microsoft directx sdk (june 2010)\include\dxgitype.h(17): warning C4005: 'DXGI_STATUS_MODE_CHANGED' : 매크로 재정의
                 c:\program files (x86)\windows kits\8.1\include\shared\winerror.h(50047) : 'DXGI_STATUS_MODE_CHANGED'의 이전 정의를 참조하십시오.
     1>c:\program files (x86)\microsoft directx sdk (june 2010)\include\dxgitype.h(18): warning C4005: 'DXGI_STATUS_MODE_CHANGE_IN_PROGRESS' : 매크로 재정의
                 c:\program files (x86)\windows kits\8.1\include\shared\winerror.h(50056) : 'DXGI_STATUS_MODE_CHANGE_IN_PROGRESS'의 이전 정의를 참조하십시오.
     1>c:\program files (x86)\microsoft directx sdk (june 2010)\include\dxgitype.h(21): warning C4005: 'DXGI_ERROR_INVALID_CALL' : 매크로 재정의
                 c:\program files (x86)\windows kits\8.1\include\shared\winerror.h(50071) : 'DXGI_ERROR_INVALID_CALL'의 이전 정의를 참조하십시오.
     1>c:\program files (x86)\microsoft directx sdk (june 2010)\include\dxgitype.h(22): warning C4005: 'DXGI_ERROR_NOT_FOUND' : 매크로 재정의
                 c:\program files (x86)\windows kits\8.1\include\shared\winerror.h(50080) : 'DXGI_ERROR_NOT_FOUND'의 이전 정의를 참조하십시오.
     1>c:\program files (x86)\microsoft directx sdk (june 2010)\include\dxgitype.h(23): warning C4005: 'DXGI_ERROR_MORE_DATA' : 매크로 재정의
                 c:\program files (x86)\windows kits\8.1\include\shared\winerror.h(50089) : 'DXGI_ERROR_MORE_DATA'의 이전 정의를 참조하십시오.
     1>c:\program files (x86)\microsoft directx sdk (june 2010)\include\dxgitype.h(24): warning C4005: 'DXGI_ERROR_UNSUPPORTED' : 매크로 재정의
                 c:\program files (x86)\windows kits\8.1\include\shared\winerror.h(50098) : 'DXGI_ERROR_UNSUPPORTED'의 이전 정의를 참조하십시오.
     1>c:\program files (x86)\microsoft directx sdk (june 2010)\include\dxgitype.h(25): warning C4005: 'DXGI_ERROR_DEVICE_REMOVED' : 매크로 재정의
                 c:\program files (x86)\windows kits\8.1\include\shared\winerror.h(50107) : 'DXGI_ERROR_DEVICE_REMOVED'의 이전 정의를 참조하십시오.
     1>c:\program files (x86)\microsoft directx sdk (june 2010)\include\dxgitype.h(26): warning C4005: 'DXGI_ERROR_DEVICE_HUNG' : 매크로 재정의
                 c:\program files (x86)\windows kits\8.1\include\shared\winerror.h(50116) : 'DXGI_ERROR_DEVICE_HUNG'의 이전 정의를 참조하십시오.
     1>c:\program files (x86)\microsoft directx sdk (june 2010)\include\dxgitype.h(27): warning C4005: 'DXGI_ERROR_DEVICE_RESET' : 매크로 재정의
                 c:\program files (x86)\windows kits\8.1\include\shared\winerror.h(50126) : 'DXGI_ERROR_DEVICE_RESET'의 이전 정의를 참조하십시오.
     1>c:\program files (x86)\microsoft directx sdk (june 2010)\include\dxgitype.h(28): warning C4005: 'DXGI_ERROR_WAS_STILL_DRAWING' : 매크로 재정의
                 c:\program files (x86)\windows kits\8.1\include\shared\winerror.h(50135) : 'DXGI_ERROR_WAS_STILL_DRAWING'의 이전 정의를 참조하십시오.
     1>c:\program files (x86)\microsoft directx sdk (june 2010)\include\dxgitype.h(29): warning C4005: 'DXGI_ERROR_FRAME_STATISTICS_DISJOINT' : 매크로 재정의
                 c:\program files (x86)\windows kits\8.1\include\shared\winerror.h(50145) : 'DXGI_ERROR_FRAME_STATISTICS_DISJOINT'의 이전 정의를 참조하십시오.
     1>c:\program files (x86)\microsoft directx sdk (june 2010)\include\dxgitype.h(30): warning C4005: 'DXGI_ERROR_GRAPHICS_VIDPN_SOURCE_IN_USE' : 매크로 재정의
                 c:\program files (x86)\windows kits\8.1\include\shared\winerror.h(50154) : 'DXGI_ERROR_GRAPHICS_VIDPN_SOURCE_IN_USE'의 이전 정의를 참조하십시오.
     1>c:\program files (x86)\microsoft directx sdk (june 2010)\include\dxgitype.h(31): warning C4005: 'DXGI_ERROR_DRIVER_INTERNAL_ERROR' : 매크로 재정의
                 c:\program files (x86)\windows kits\8.1\include\shared\winerror.h(50164) : 'DXGI_ERROR_DRIVER_INTERNAL_ERROR'의 이전 정의를 참조하십시오.
     1>c:\program files (x86)\microsoft directx sdk (june 2010)\include\dxgitype.h(32): warning C4005: 'DXGI_ERROR_NONEXCLUSIVE' : 매크로 재정의
                 c:\program files (x86)\windows kits\8.1\include\shared\winerror.h(50173) : 'DXGI_ERROR_NONEXCLUSIVE'의 이전 정의를 참조하십시오.
     1>c:\program files (x86)\microsoft directx sdk (june 2010)\include\dxgitype.h(33): warning C4005: 'DXGI_ERROR_NOT_CURRENTLY_AVAILABLE' : 매크로 재정의
                 c:\program files (x86)\windows kits\8.1\include\shared\winerror.h(50182) : 'DXGI_ERROR_NOT_CURRENTLY_AVAILABLE'의 이전 정의를 참조하십시오.
     1>c:\program files (x86)\microsoft directx sdk (june 2010)\include\dxgitype.h(34): warning C4005: 'DXGI_ERROR_REMOTE_CLIENT_DISCONNECTED' : 매크로 재정의
                 c:\program files (x86)\windows kits\8.1\include\shared\winerror.h(50192) : 'DXGI_ERROR_REMOTE_CLIENT_DISCONNECTED'의 이전 정의를 참조하십시오.
     1>c:\program files (x86)\microsoft directx sdk (june 2010)\include\dxgitype.h(35): warning C4005: 'DXGI_ERROR_REMOTE_OUTOFMEMORY' : 매크로 재정의
                 c:\program files (x86)\windows kits\8.1\include\shared\winerror.h(50201) : 'DXGI_ERROR_REMOTE_OUTOFMEMORY'의 이전 정의를 참조하십시오.
     1>c:\program files (x86)\microsoft directx sdk (june 2010)\include\d3d11.h(917): warning C4005: 'D3D11_ERROR_TOO_MANY_UNIQUE_STATE_OBJECTS' : 매크로 재정의
                 c:\program files (x86)\windows kits\8.1\include\shared\winerror.h(50379) : 'D3D11_ERROR_TOO_MANY_UNIQUE_STATE_OBJECTS'의 이전 정의를 참조하십시오.
     1>c:\program files (x86)\microsoft directx sdk (june 2010)\include\d3d11.h(918): warning C4005: 'D3D11_ERROR_FILE_NOT_FOUND' : 매크로 재정의
                 c:\program files (x86)\windows kits\8.1\include\shared\winerror.h(50388) : 'D3D11_ERROR_FILE_NOT_FOUND'의 이전 정의를 참조하십시오.
     1>c:\program files (x86)\microsoft directx sdk (june 2010)\include\d3d11.h(919): warning C4005: 'D3D11_ERROR_TOO_MANY_UNIQUE_VIEW_OBJECTS' : 매크로 재정의
                 c:\program files (x86)\windows kits\8.1\include\shared\winerror.h(50398) : 'D3D11_ERROR_TOO_MANY_UNIQUE_VIEW_OBJECTS'의 이전 정의를 참조하십시오.
     1>c:\program files (x86)\microsoft directx sdk (june 2010)\include\d3d11.h(920): warning C4005: 'D3D11_ERROR_DEFERRED_CONTEXT_MAP_WITHOUT_INITIAL_DISCARD' : 매크로 재정의
                 c:\program files (x86)\windows kits\8.1\include\shared\winerror.h(50407) : 'D3D11_ERROR_DEFERRED_CONTEXT_MAP_WITHOUT_INITIAL_DISCARD'의 이전 정의를 참조하십시오.
     1>c:\program files (x86)\microsoft directx sdk (june 2010)\include\d3d10.h(608): warning C4005: 'D3D10_ERROR_TOO_MANY_UNIQUE_STATE_OBJECTS' : 매크로 재정의
                 c:\program files (x86)\windows kits\8.1\include\shared\winerror.h(50355) : 'D3D10_ERROR_TOO_MANY_UNIQUE_STATE_OBJECTS'의 이전 정의를 참조하십시오.
     1>c:\program files (x86)\microsoft directx sdk (june 2010)\include\d3d10.h(609): warning C4005: 'D3D10_ERROR_FILE_NOT_FOUND' : 매크로 재정의
                 c:\program files (x86)\windows kits\8.1\include\shared\winerror.h(50364) : 'D3D10_ERROR_FILE_NOT_FOUND'의 이전 정의를 참조하십시오.
       Link:
         C:\Program Files (x86)\Microsoft Visual Studio 12.0\VC\bin\link.exe /ERRORREPORT:PROMPT /OUT:"D:\snakeproj\snakeproj\Debug\snakeproj.exe" /INCREMENTAL /NOLOGO d3d11.lib d3dx11d.lib D3DCompiler.lib Effects11d.lib dxerr.lib dxgi.lib dxguid.lib kernel32.lib user32.lib gdi32.lib winspool.lib comdlg32.lib advapi32.lib shell32.lib ole32.lib oleaut32.lib uuid.lib odbc32.lib odbccp32.lib /MANIFEST /MANIFESTUAC:"level='asInvoker' uiAccess='false'" /manifest:embed /DEBUG /PDB:"D:\snakeproj\snakeproj\Debug\snakeproj.pdb" /SUBSYSTEM:WINDOWS /TLBID:1 /DYNAMICBASE /NXCOMPAT /IMPLIB:"D:\snakeproj\snakeproj\Debug\snakeproj.lib" /MACHINE:X86 Debug\colorshaderclass.obj
         Debug\d3dclass.obj
         Debug\graphicsclass.obj
         Debug\Inputclass.obj
         Debug\main.obj
         Debug\modelclass.obj
         Debug\systemclass.obj
     1>colorshaderclass.obj : error LNK2019: "private: void __thiscall ColorShaderClass::RenderShader(struct ID3D11DeviceContext *,int)" (?RenderShader@ColorShaderClass@@AAEXPAUID3D11DeviceContext@@H@Z) 외부 기호(참조 위치: "public: bool __thiscall ColorShaderClass::Render(struct ID3D11DeviceContext *,int,struct D3DXMATRIX,struct D3DXMATRIX,struct D3DXMATRIX)" (?Render@ColorShaderClass@@QAE_NPAUID3D11DeviceContext@@HUD3DXMATRIX@@11@Z) 함수)에서 확인하지 못했습니다.
     1>D:\snakeproj\snakeproj\Debug\snakeproj.exe : fatal error LNK1120: 1개의 확인할 수 없는 외부 참조입니다.
     1>"D:\snakeproj\snakeproj\snakeproj\snakeproj.vcxproj" 프로젝트를 빌드했습니다(Build 대상). - 실패

빌드하지 못했습니다.

경과 시간: 00:00:01.01
